<?xml version="1.0" encoding="UTF-8"?>
<!-- Generated by org.testng.reporters.JUnitReportReporter -->
<testsuite skipped="0" hostname="DESKTOP-V3FP7B6" name="com.alsis.HomepageTest" tests="2" failures="0" timestamp="20 Mar 2020 11:39:35 GMT" time="73.072" errors="0">
  <testcase name="checkHeadofficeAddress" time="34.605" classname="com.alsis.HomepageTest"/>
  <testcase name="checkReturnAddress" time="38.467" classname="com.alsis.HomepageTest"/>
</testsuite> <!-- com.alsis.HomepageTest -->
