<?xml version="1.0" encoding="UTF-8"?>
<!-- Generated by org.testng.reporters.JUnitReportReporter -->
<testsuite hostname="DESKTOP-LE9U86J" name="com.alsis.App1" tests="1" failures="0" timestamp="26 Mar 2020 12:09:24 GMT" time="73.947" errors="0">
  <testcase name="m2" time="73.947" classname="com.alsis.App1"/>
</testsuite> <!-- com.alsis.App1 -->
