<?xml version="1.0" encoding="UTF-8"?>
<!-- Generated by org.testng.reporters.JUnitReportReporter -->
<testsuite hostname="DESKTOP-LE9U86J" name="com.alsis.HomepageTest" tests="2" failures="0" timestamp="26 Mar 2020 12:09:24 GMT" time="164.026" errors="0">
  <testcase name="testLinksCount" time="45.478" classname="com.alsis.HomepageTest"/>
  <testcase name="testLinksSeq" time="118.548" classname="com.alsis.HomepageTest"/>
</testsuite> <!-- com.alsis.HomepageTest -->
