<?xml version="1.0" encoding="UTF-8"?>
<!-- Generated by org.testng.reporters.JUnitReportReporter -->
<testsuite skipped="0" hostname="LAPTOP-O8D1T5RF" name="com.alsis.App" tests="1" failures="0" timestamp="19 Mar 2020 17:54:07 GMT" time="35.940" errors="0">
  <testcase name="m1" time="35.940" classname="com.alsis.App"/>
</testsuite> <!-- com.alsis.App -->
