<?xml version="1.0" encoding="UTF-8"?>
<!-- Generated by org.testng.reporters.JUnitReportReporter -->
<testsuite hostname="DESKTOP-LE9U86J" name="com.alsis.App2" tests="1" failures="0" timestamp="26 Mar 2020 12:09:24 GMT" time="96.318" errors="0">
  <testcase name="m3" time="96.318" classname="com.alsis.App2"/>
</testsuite> <!-- com.alsis.App2 -->
