<?xml version="1.0" encoding="UTF-8"?>
<!-- Generated by org.testng.reporters.JUnitReportReporter -->
<testsuite hostname="DESKTOP-LE9U86J" name="com.alsis.HomepageTest" tests="2" failures="0" timestamp="22 Mar 2020 11:41:47 GMT" time="223.724" errors="0">
  <testcase name="testLinksSeq" time="114.365" classname="com.alsis.HomepageTest"/>
  <testcase name="testLinksCount" time="109.359" classname="com.alsis.HomepageTest"/>
</testsuite> <!-- com.alsis.HomepageTest -->
